<?xml version="1.0" encoding="UTF-8"?>
<testng-results ignored="0" total="1" passed="1" failed="0" skipped="0">
  <reporter-output>
  </reporter-output>
  <suite started-at="2025-01-24T17:39:45 IST" name="Default suite" finished-at="2025-01-24T17:39:48 IST" duration-ms="2687">
    <groups>
    </groups>
    <test started-at="2025-01-24T17:39:45 IST" name="Default test" finished-at="2025-01-24T17:39:48 IST" duration-ms="2687">
      <class name="UserAuthentication">
        <test-method signature="Authentication()[pri:0, instance:UserAuthentication@b3ca52e]" started-at="2025-01-24T17:39:45 IST" name="Authentication" finished-at="2025-01-24T17:39:48 IST" duration-ms="2653" status="PASS">
          <reporter-output>
          </reporter-output>
        </test-method> <!-- Authentication -->
      </class> <!-- UserAuthentication -->
    </test> <!-- Default test -->
  </suite> <!-- Default suite -->
</testng-results>
